2023.12.01 09:20:46 INFO  Started: Metals version 1.1.0 in folders '/Users/muiruri/Workspace/Scala/Talks/FS2023/type-safe-decoders-without-boilerplate' for client Visual Studio Code 1.84.2.
2023.12.01 09:20:47 WARN  Build server is not auto-connectable.
2023.12.01 09:20:47 WARN  no build target for: /Users/muiruri/Workspace/Scala/Talks/FS2023/type-safe-decoders-without-boilerplate/build.sbt
2023.12.01 09:20:49 INFO  running '/Users/muiruri/.sdkman/candidates/java/current/bin/java -Djline.terminal=jline.UnsupportedTerminal -Dsbt.log.noformat=true -Dfile.encoding=UTF-8 -jar /var/folders/h3/hx8kgxb93yz7tl6bp19hmn8r0000gn/T/metals1984331408933875112/sbt-launch.jar -Dbloop.export-jar-classifiers=sources bloopInstall'
2023.12.01 09:20:49 WARN  no build target for: /Users/muiruri/Workspace/Scala/Talks/FS2023/type-safe-decoders-without-boilerplate/project/project/metals.sbt
2023.12.01 09:20:49 INFO  skipping build import with status 'Started'
2023.12.01 09:20:49 INFO  no build target found for /Users/muiruri/Workspace/Scala/Talks/FS2023/type-safe-decoders-without-boilerplate/build.sbt. Using presentation compiler with project's scala-library version: 3.3.1
2023.12.01 09:20:50 INFO  [info] welcome to sbt 1.8.2 (Eclipse Adoptium Java 11.0.19)
2023.12.01 09:20:50 INFO  time: code lens generation in 3.72s
2023.12.01 09:20:50 INFO  time: code lens generation in 1.45s
2023.12.01 09:20:50 INFO  [info] loading global plugins from /Users/muiruri/.sbt/1.0/plugins
2023.12.01 09:20:52 INFO  [info] loading settings for project type-safe-decoders-without-boilerplate-build-build-build from metals.sbt ...
2023.12.01 09:20:52 INFO  [info] loading project definition from /Users/muiruri/Workspace/Scala/Talks/FS2023/type-safe-decoders-without-boilerplate/project/project/project
2023.12.01 09:20:52 INFO  [info] loading settings for project type-safe-decoders-without-boilerplate-build-build from metals.sbt ...
2023.12.01 09:20:52 INFO  [info] loading project definition from /Users/muiruri/Workspace/Scala/Talks/FS2023/type-safe-decoders-without-boilerplate/project/project
2023.12.01 09:20:54 INFO  [success] Generated .bloop/type-safe-decoders-without-boilerplate-build-build.json
2023.12.01 09:20:54 INFO  [success] Total time: 1 s, completed Dec 1, 2023, 9:20:54 AM
2023.12.01 09:20:54 INFO  [info] loading settings for project type-safe-decoders-without-boilerplate-build from metals.sbt,plugins.sbt ...
2023.12.01 09:20:54 INFO  [info] loading project definition from /Users/muiruri/Workspace/Scala/Talks/FS2023/type-safe-decoders-without-boilerplate/project
2023.12.01 09:20:54 INFO  [success] Generated .bloop/type-safe-decoders-without-boilerplate-build.json
2023.12.01 09:20:54 INFO  [success] Total time: 1 s, completed Dec 1, 2023, 9:20:55 AM
2023.12.01 09:20:55 INFO  [info] loading settings for project root from build.sbt ...
2023.12.01 09:20:55 INFO  [info] set current project to type-safe-decoders-without-boilerplate (in build file:/Users/muiruri/Workspace/Scala/Talks/FS2023/type-safe-decoders-without-boilerplate/)
2023.12.01 09:20:55 INFO  [success] Generated .bloop/root-test.json
2023.12.01 09:20:55 INFO  [success] Generated .bloop/root.json
2023.12.01 09:20:55 INFO  [success] Total time: 0 s, completed Dec 1, 2023, 9:20:56 AM
2023.12.01 09:20:56 INFO  time: ran 'sbt bloopInstall' in 6.96s
2023.12.01 09:20:56 INFO  Attempting to connect to the build server...
2023.12.01 09:20:56 INFO  Bloop uses /Users/muiruri/Library/Caches/Coursier/arc/https/github.com/AdoptOpenJDK/openjdk8-binaries/releases/download/jdk8u292-b10/OpenJDK8U-jdk_x64_mac_hotspot_8u292b10.tar.gz/jdk8u292-b10/Contents/Home defined at /Users/muiruri/.bloop/bloop.json
2023.12.01 09:20:58 INFO  tracing is disabled for protocol BSP, to enable tracing of incoming and outgoing JSON messages create an empty file at /Users/muiruri/Workspace/Scala/Talks/FS2023/type-safe-decoders-without-boilerplate/.metals/bsp.trace.json or /Users/muiruri/Library/Caches/org.scalameta.metals/bsp.trace.json
2023.12.01 09:20:58 INFO  Attempting to connect to the build server...
2023.12.01 09:20:58 INFO  Bloop uses /Users/muiruri/Library/Caches/Coursier/arc/https/github.com/AdoptOpenJDK/openjdk8-binaries/releases/download/jdk8u292-b10/OpenJDK8U-jdk_x64_mac_hotspot_8u292b10.tar.gz/jdk8u292-b10/Contents/Home defined at /Users/muiruri/.bloop/bloop.json
2023.12.01 09:20:58 INFO  Attempting to connect to the build server...
2023.12.01 09:20:58 INFO  Bloop uses /Users/muiruri/Library/Caches/Coursier/arc/https/github.com/AdoptOpenJDK/openjdk8-binaries/releases/download/jdk8u292-b10/OpenJDK8U-jdk_x64_mac_hotspot_8u292b10.tar.gz/jdk8u292-b10/Contents/Home defined at /Users/muiruri/.bloop/bloop.json
2023.12.01 09:20:58 INFO  tracing is disabled for protocol BSP, to enable tracing of incoming and outgoing JSON messages create an empty file at /Users/muiruri/Workspace/Scala/Talks/FS2023/type-safe-decoders-without-boilerplate/project/project/.metals/bsp.trace.json or /Users/muiruri/Library/Caches/org.scalameta.metals/bsp.trace.json
2023.12.01 09:20:59 INFO  tracing is disabled for protocol BSP, to enable tracing of incoming and outgoing JSON messages create an empty file at /Users/muiruri/Workspace/Scala/Talks/FS2023/type-safe-decoders-without-boilerplate/project/.metals/bsp.trace.json or /Users/muiruri/Library/Caches/org.scalameta.metals/bsp.trace.json
2023.12.01 09:20:59 INFO  time: Connected to build server in 3.12s
2023.12.01 09:20:59 INFO  Connected to Build server: Bloop v1.5.11
2023.12.01 09:20:59 INFO  time: Imported build in 0.24s
2023.12.01 09:21:02 INFO  time: indexed workspace in 2.73s
2023.12.01 09:21:05 INFO  time: code lens generation in 2.32s
2023.12.01 09:21:05 INFO  time: code lens generation in 1.77s
2023.12.01 09:21:35 ERROR Cannot create file
java.nio.file.FileAlreadyExistsException: The file /Users/muiruri/Workspace/Scala/Talks/FS2023/type-safe-decoders-without-boilerplate/src/test/scala/skm/parsers/usingdynamicvalue/QueryParamsParser.scala already exists.
	at scala.meta.internal.metals.newScalaFile.NewFileProvider.createFileAndWriteText(NewFileProvider.scala:254)
	at scala.meta.internal.metals.newScalaFile.NewFileProvider.createClass(NewFileProvider.scala:200)
	at scala.meta.internal.metals.newScalaFile.NewFileProvider.$anonfun$createFile$1(NewFileProvider.scala:88)
	at scala.meta.internal.metals.MetalsEnrichments$OptionFutureTransformer.$anonfun$mapOption$3(MetalsEnrichments.scala:1083)
	at scala.Option.fold(Option.scala:263)
	at scala.meta.internal.metals.MetalsEnrichments$OptionFutureTransformer.$anonfun$mapOption$1(MetalsEnrichments.scala:1083)
	at scala.concurrent.impl.Promise$Transformation.run(Promise.scala:470)
	at java.util.concurrent.ThreadPoolExecutor.runWorker(ThreadPoolExecutor.java:1128)
	at java.util.concurrent.ThreadPoolExecutor$Worker.run(ThreadPoolExecutor.java:628)
	at java.lang.Thread.run(Thread.java:829)

Dec 01, 2023 9:21:35 AM org.eclipse.lsp4j.jsonrpc.RemoteEndpoint fallbackResponseError
SEVERE: Internal error: java.nio.file.FileAlreadyExistsException: The file /Users/muiruri/Workspace/Scala/Talks/FS2023/type-safe-decoders-without-boilerplate/src/test/scala/skm/parsers/usingdynamicvalue/QueryParamsParser.scala already exists.
java.util.concurrent.CompletionException: java.nio.file.FileAlreadyExistsException: The file /Users/muiruri/Workspace/Scala/Talks/FS2023/type-safe-decoders-without-boilerplate/src/test/scala/skm/parsers/usingdynamicvalue/QueryParamsParser.scala already exists.
	at java.base/java.util.concurrent.CompletableFuture.encodeThrowable(CompletableFuture.java:331)
	at java.base/java.util.concurrent.CompletableFuture.completeThrowable(CompletableFuture.java:346)
	at java.base/java.util.concurrent.CompletableFuture$UniAccept.tryFire(CompletableFuture.java:704)
	at java.base/java.util.concurrent.CompletableFuture.postComplete(CompletableFuture.java:506)
	at java.base/java.util.concurrent.CompletableFuture.completeExceptionally(CompletableFuture.java:2088)
	at scala.concurrent.java8.FuturesConvertersImpl$CF.apply(FutureConvertersImpl.scala:29)
	at scala.concurrent.java8.FuturesConvertersImpl$CF.apply(FutureConvertersImpl.scala:26)
	at scala.concurrent.impl.Promise$Transformation.run(Promise.scala:484)
	at scala.concurrent.ExecutionContext$parasitic$.execute(ExecutionContext.scala:222)
	at scala.concurrent.impl.Promise$Transformation.submitWithValue(Promise.scala:429)
	at scala.concurrent.impl.Promise$DefaultPromise.submitWithValue(Promise.scala:338)
	at scala.concurrent.impl.Promise$DefaultPromise.tryComplete0(Promise.scala:285)
	at scala.concurrent.impl.Promise$Transformation.run(Promise.scala:504)
	at java.base/java.util.concurrent.ThreadPoolExecutor.runWorker(ThreadPoolExecutor.java:1128)
	at java.base/java.util.concurrent.ThreadPoolExecutor$Worker.run(ThreadPoolExecutor.java:628)
	at java.base/java.lang.Thread.run(Thread.java:829)
Caused by: java.nio.file.FileAlreadyExistsException: The file /Users/muiruri/Workspace/Scala/Talks/FS2023/type-safe-decoders-without-boilerplate/src/test/scala/skm/parsers/usingdynamicvalue/QueryParamsParser.scala already exists.
	at scala.meta.internal.metals.newScalaFile.NewFileProvider.createFileAndWriteText(NewFileProvider.scala:254)
	at scala.meta.internal.metals.newScalaFile.NewFileProvider.createClass(NewFileProvider.scala:200)
	at scala.meta.internal.metals.newScalaFile.NewFileProvider.$anonfun$createFile$1(NewFileProvider.scala:88)
	at scala.meta.internal.metals.MetalsEnrichments$OptionFutureTransformer.$anonfun$mapOption$3(MetalsEnrichments.scala:1083)
	at scala.Option.fold(Option.scala:263)
	at scala.meta.internal.metals.MetalsEnrichments$OptionFutureTransformer.$anonfun$mapOption$1(MetalsEnrichments.scala:1083)
	at scala.concurrent.impl.Promise$Transformation.run(Promise.scala:470)
	... 3 more

2023.12.01 09:21:55 INFO  compiling root (4 scala sources)
2023.12.01 09:22:09 INFO  compiling root-test (4 scala sources)
2023.12.01 09:22:09 INFO  time: compiled root in 14s
2023.12.01 09:22:15 INFO  time: compiled root-test in 5.92s
2023.12.01 09:25:35 INFO  compiling root-test (1 scala source)
2023.12.01 09:25:37 INFO  time: compiled root-test in 1.63s
2023.12.01 09:26:52 INFO  compiling root-test (1 scala source)
2023.12.01 09:26:52 INFO  time: compiled root-test in 0.43s
2023.12.01 09:26:58 INFO  compiling root-test (1 scala source)
2023.12.01 09:26:58 INFO  time: compiled root-test in 0.27s
2023.12.01 09:27:24 INFO  compiling root-test (1 scala source)
2023.12.01 09:27:24 INFO  time: compiled root-test in 0.26s
2023.12.01 09:27:29 INFO  compiling root-test (1 scala source)
2023.12.01 09:27:29 INFO  time: compiled root-test in 0.3s
2023.12.01 09:27:58 INFO  compiling root-test (1 scala source)
2023.12.01 09:27:58 INFO  time: compiled root-test in 0.27s
2023.12.01 09:27:58 INFO  compiling root-test (1 scala source)
2023.12.01 09:27:58 INFO  time: compiled root-test in 0.1s
2023.12.01 09:28:32 INFO  compiling root-test (1 scala source)
2023.12.01 09:28:32 INFO  time: compiled root-test in 0.31s
2023.12.01 09:28:37 INFO  compiling root-test (1 scala source)
2023.12.01 09:28:39 INFO  time: compiled root-test in 1.35s
2023.12.01 09:29:05 INFO  compiling root-test (1 scala source)
2023.12.01 09:29:05 INFO  time: compiled root-test in 0.37s
2023.12.01 09:29:13 INFO  compiling root-test (1 scala source)
2023.12.01 09:29:13 INFO  time: compiled root-test in 0.35s
2023.12.01 09:29:28 INFO  compiling root-test (3 scala sources)
2023.12.01 09:29:29 INFO  time: compiled root-test in 1.05s
2023.12.01 09:29:29 INFO  compiling root-test (3 scala sources)
2023.12.01 09:29:32 INFO  time: compiled root-test in 2.33s
2023.12.01 09:29:55 INFO  compiling root (1 scala source)
2023.12.01 09:29:58 INFO  time: compiled root in 2.66s
2023.12.01 09:30:27 INFO  compiling root (4 scala sources)
2023.12.01 09:30:32 INFO  time: compiled root in 4.44s
2023.12.01 09:30:32 INFO  compiling root-test (3 scala sources)
2023.12.01 09:30:32 INFO  time: compiled root-test in 0.91s
2023.12.01 09:30:33 INFO  compiling root-test (3 scala sources)
2023.12.01 09:30:33 INFO  time: compiled root-test in 0.77s
2023.12.01 09:30:51 INFO  compiling root-test (3 scala sources)
2023.12.01 09:30:51 INFO  time: compiled root-test in 0.72s
2023.12.01 09:30:51 INFO  compiling root-test (3 scala sources)
2023.12.01 09:30:52 INFO  time: compiled root-test in 0.67s
2023.12.01 09:30:56 ERROR scalafmt: /Users/muiruri/Workspace/Scala/Talks/FS2023/type-safe-decoders-without-boilerplate/src/test/scala/skm/parsers/usingpatternmatching/QueryParamsParser.scala:9: error: [dialect scala213] . expected but \n\n found

^
2023.12.01 09:30:56 INFO  compiling root-test (3 scala sources)
2023.12.01 09:30:56 INFO  time: compiled root-test in 0.17s
Dec 01, 2023 9:31:33 AM org.eclipse.lsp4j.jsonrpc.RemoteEndpoint handleCancellation
WARNING: Unmatched cancel notification for request id 471
2023.12.01 09:31:34 INFO  compiling root-test (4 scala sources)
2023.12.01 09:31:34 INFO  time: compiled root-test in 0.22s
2023.12.01 09:31:44 INFO  compiling root-test (4 scala sources)
2023.12.01 09:31:44 INFO  time: compiled root-test in 0.21s
2023.12.01 09:31:44 INFO  compiling root-test (4 scala sources)
2023.12.01 09:31:44 INFO  time: compiled root-test in 68ms
2023.12.01 09:31:48 INFO  compiling root-test (4 scala sources)
2023.12.01 09:31:48 INFO  time: compiled root-test in 0.2s
2023.12.01 09:31:52 INFO  compiling root-test (4 scala sources)
2023.12.01 09:31:52 INFO  time: compiled root-test in 0.15s
2023.12.01 09:31:57 INFO  compiling root-test (3 scala sources)
2023.12.01 09:31:57 INFO  time: compiled root-test in 0.46s
2023.12.01 09:31:57 INFO  compiling root-test (3 scala sources)
2023.12.01 09:31:57 INFO  time: compiled root-test in 0.27s
Dec 01, 2023 9:32:07 AM org.eclipse.lsp4j.jsonrpc.RemoteEndpoint handleCancellation
WARNING: Unmatched cancel notification for request id 535
2023.12.01 09:32:31 INFO  compiling root-test (3 scala sources)
2023.12.01 09:32:31 INFO  time: compiled root-test in 0.47s
2023.12.01 09:32:46 INFO  compiling root-test (3 scala sources)
2023.12.01 09:32:46 INFO  time: compiled root-test in 0.41s
2023.12.01 09:32:54 INFO  compiling root-test (2 scala sources)
2023.12.01 09:32:54 INFO  time: compiled root-test in 0.3s
2023.12.01 09:32:54 INFO  compiling root-test (2 scala sources)
2023.12.01 09:32:54 INFO  time: compiled root-test in 0.1s
2023.12.01 09:33:21 ERROR scalafmt: /Users/muiruri/Workspace/Scala/Talks/FS2023/type-safe-decoders-without-boilerplate/src/test/scala/skm/parsers/usingdynamicvalue/SimpleParserSpec.scala:5: error: [dialect scala213] . expected but \n\n found

^
2023.12.01 09:33:21 INFO  compiling root-test (2 scala sources)
2023.12.01 09:33:21 INFO  time: compiled root-test in 0.17s
2023.12.01 09:33:39 ERROR scalafmt: /Users/muiruri/Workspace/Scala/Talks/FS2023/type-safe-decoders-without-boilerplate/src/test/scala/skm/parsers/usingdynamicvalue/SimpleParserSpec.scala:5: error: [dialect scala213] . expected but \n\n found

^
2023.12.01 09:33:39 INFO  compiling root-test (2 scala sources)
2023.12.01 09:33:39 INFO  time: compiled root-test in 77ms
2023.12.01 09:33:42 INFO  Shutting down server
2023.12.01 09:33:42 INFO  shutting down Metals
2023.12.01 09:33:42 INFO  Shut down connection with build server.
2023.12.01 09:33:42 INFO  Shut down connection with build server.
2023.12.01 09:33:42 INFO  Shut down connection with build server.
2023.12.01 09:33:42 INFO  Exiting server
2023.12.01 09:34:06 INFO  Started: Metals version 1.1.0 in folders '/Users/muiruri/Workspace/Scala/Talks/FS2023/type-safe-decoders-without-boilerplate' for client Visual Studio Code 1.84.2.
2023.12.01 09:34:07 INFO  Attempting to connect to the build server...
2023.12.01 09:34:07 INFO  skipping build import with status 'Installed'
2023.12.01 09:34:07 INFO  Bloop uses /Users/muiruri/Library/Caches/Coursier/arc/https/github.com/AdoptOpenJDK/openjdk8-binaries/releases/download/jdk8u292-b10/OpenJDK8U-jdk_x64_mac_hotspot_8u292b10.tar.gz/jdk8u292-b10/Contents/Home defined at /Users/muiruri/.bloop/bloop.json
2023.12.01 09:34:07 INFO  tracing is disabled for protocol BSP, to enable tracing of incoming and outgoing JSON messages create an empty file at /Users/muiruri/Workspace/Scala/Talks/FS2023/type-safe-decoders-without-boilerplate/.metals/bsp.trace.json or /Users/muiruri/Library/Caches/org.scalameta.metals/bsp.trace.json
2023.12.01 09:34:07 INFO  Attempting to connect to the build server...
2023.12.01 09:34:07 INFO  Bloop uses /Users/muiruri/Library/Caches/Coursier/arc/https/github.com/AdoptOpenJDK/openjdk8-binaries/releases/download/jdk8u292-b10/OpenJDK8U-jdk_x64_mac_hotspot_8u292b10.tar.gz/jdk8u292-b10/Contents/Home defined at /Users/muiruri/.bloop/bloop.json
2023.12.01 09:34:07 INFO  Attempting to connect to the build server...
2023.12.01 09:34:07 INFO  Bloop uses /Users/muiruri/Library/Caches/Coursier/arc/https/github.com/AdoptOpenJDK/openjdk8-binaries/releases/download/jdk8u292-b10/OpenJDK8U-jdk_x64_mac_hotspot_8u292b10.tar.gz/jdk8u292-b10/Contents/Home defined at /Users/muiruri/.bloop/bloop.json
2023.12.01 09:34:07 INFO  tracing is disabled for protocol BSP, to enable tracing of incoming and outgoing JSON messages create an empty file at /Users/muiruri/Workspace/Scala/Talks/FS2023/type-safe-decoders-without-boilerplate/project/project/.metals/bsp.trace.json or /Users/muiruri/Library/Caches/org.scalameta.metals/bsp.trace.json
2023.12.01 09:34:07 INFO  tracing is disabled for protocol BSP, to enable tracing of incoming and outgoing JSON messages create an empty file at /Users/muiruri/Workspace/Scala/Talks/FS2023/type-safe-decoders-without-boilerplate/project/.metals/bsp.trace.json or /Users/muiruri/Library/Caches/org.scalameta.metals/bsp.trace.json
2023.12.01 09:34:07 INFO  time: Connected to build server in 0.48s
2023.12.01 09:34:07 INFO  Connected to Build server: Bloop v1.5.11
2023.12.01 09:34:08 INFO  time: Imported build in 0.22s
2023.12.01 09:34:10 INFO  time: indexed workspace in 2.09s
2023.12.01 09:34:11 INFO  compiling root-test (2 scala sources)
2023.12.01 09:34:11 INFO  time: compiled root-test in 47ms
2023.12.01 09:34:11 INFO  compiling root-test (2 scala sources)
2023.12.01 09:34:11 INFO  time: compiled root-test in 73ms
2023.12.01 09:34:15 INFO  Shutting down server
2023.12.01 09:34:15 INFO  shutting down Metals
2023.12.01 09:34:15 INFO  Shut down connection with build server.
2023.12.01 09:34:15 INFO  Shut down connection with build server.
2023.12.01 09:34:15 INFO  Shut down connection with build server.
2023.12.01 09:34:15 INFO  Exiting server
2023.12.01 09:35:15 INFO  Started: Metals version 1.1.0 in folders '/Users/muiruri/Workspace/Scala/Talks/FS2023/type-safe-decoders-without-boilerplate' for client Visual Studio Code 1.84.2.
2023.12.01 09:35:15 INFO  Attempting to connect to the build server...
2023.12.01 09:35:16 INFO  skipping build import with status 'Installed'
2023.12.01 09:35:15 INFO  Bloop uses /Users/muiruri/Library/Caches/Coursier/arc/https/github.com/AdoptOpenJDK/openjdk8-binaries/releases/download/jdk8u292-b10/OpenJDK8U-jdk_x64_mac_hotspot_8u292b10.tar.gz/jdk8u292-b10/Contents/Home defined at /Users/muiruri/.bloop/bloop.json
2023.12.01 09:35:15 INFO  tracing is disabled for protocol BSP, to enable tracing of incoming and outgoing JSON messages create an empty file at /Users/muiruri/Workspace/Scala/Talks/FS2023/type-safe-decoders-without-boilerplate/.metals/bsp.trace.json or /Users/muiruri/Library/Caches/org.scalameta.metals/bsp.trace.json
2023.12.01 09:35:15 INFO  Attempting to connect to the build server...
2023.12.01 09:35:15 INFO  Bloop uses /Users/muiruri/Library/Caches/Coursier/arc/https/github.com/AdoptOpenJDK/openjdk8-binaries/releases/download/jdk8u292-b10/OpenJDK8U-jdk_x64_mac_hotspot_8u292b10.tar.gz/jdk8u292-b10/Contents/Home defined at /Users/muiruri/.bloop/bloop.json
2023.12.01 09:35:15 INFO  Attempting to connect to the build server...
2023.12.01 09:35:15 INFO  Bloop uses /Users/muiruri/Library/Caches/Coursier/arc/https/github.com/AdoptOpenJDK/openjdk8-binaries/releases/download/jdk8u292-b10/OpenJDK8U-jdk_x64_mac_hotspot_8u292b10.tar.gz/jdk8u292-b10/Contents/Home defined at /Users/muiruri/.bloop/bloop.json
2023.12.01 09:35:15 INFO  tracing is disabled for protocol BSP, to enable tracing of incoming and outgoing JSON messages create an empty file at /Users/muiruri/Workspace/Scala/Talks/FS2023/type-safe-decoders-without-boilerplate/project/.metals/bsp.trace.json or /Users/muiruri/Library/Caches/org.scalameta.metals/bsp.trace.json
2023.12.01 09:35:15 INFO  tracing is disabled for protocol BSP, to enable tracing of incoming and outgoing JSON messages create an empty file at /Users/muiruri/Workspace/Scala/Talks/FS2023/type-safe-decoders-without-boilerplate/project/project/.metals/bsp.trace.json or /Users/muiruri/Library/Caches/org.scalameta.metals/bsp.trace.json
2023.12.01 09:35:16 INFO  time: Connected to build server in 0.58s
2023.12.01 09:35:16 INFO  Connected to Build server: Bloop v1.5.11
2023.12.01 09:35:16 INFO  time: Imported build in 0.12s
2023.12.01 09:35:18 INFO  time: indexed workspace in 1.91s
2023.12.01 09:35:19 INFO  compiling root-test (2 scala sources)
2023.12.01 09:35:19 INFO  time: compiled root-test in 44ms
2023.12.01 09:35:19 INFO  compiling root-test (2 scala sources)
2023.12.01 09:35:19 INFO  time: compiled root-test in 28ms
2023.12.01 09:35:38 ERROR scalafmt: /Users/muiruri/Workspace/Scala/Talks/FS2023/type-safe-decoders-without-boilerplate/src/test/scala/skm/parsers/usingdynamicvalue/SimpleParserSpec.scala:5: error: [dialect scala213] . expected but \n\n found

^
2023.12.01 09:35:48 INFO  compiling root-test (2 scala sources)
2023.12.01 09:35:48 INFO  time: compiled root-test in 0.17s
2023.12.01 09:37:34 ERROR scalafmt: /Users/muiruri/Workspace/Scala/Talks/FS2023/type-safe-decoders-without-boilerplate/src/test/scala/skm/parsers/usingdynamicvalue/SimpleParserSpec.scala:5: error: [dialect scala213] . expected but \n\n found

^
2023.12.01 09:37:34 INFO  compiling root-test (2 scala sources)
2023.12.01 09:37:34 INFO  time: compiled root-test in 0.36s
Dec 01, 2023 9:37:45 AM org.eclipse.lsp4j.jsonrpc.services.GenericEndpoint notify
INFO: Unsupported notification method: $/setTrace
2023.12.01 09:38:32 INFO  compiling root-test (2 scala sources)
2023.12.01 09:38:32 INFO  time: compiled root-test in 0.21s
2023.12.01 09:38:41 ERROR scalafmt: /Users/muiruri/Workspace/Scala/Talks/FS2023/type-safe-decoders-without-boilerplate/src/test/scala/skm/parsers/usingdynamicvalue/SimpleParserSpec.scala:5: error: [dialect scala213] . expected but \n\n found

^
2023.12.01 09:38:41 INFO  compiling root-test (2 scala sources)
2023.12.01 09:38:41 INFO  time: compiled root-test in 0.16s
2023.12.01 09:39:58 ERROR scalafmt: /Users/muiruri/Workspace/Scala/Talks/FS2023/type-safe-decoders-without-boilerplate/src/test/scala/skm/parsers/usingdynamicvalue/SimpleParserSpec.scala:5: error: [dialect scala213] . expected but \n\n found

^
2023.12.01 09:39:58 INFO  compiling root-test (2 scala sources)
2023.12.01 09:39:58 INFO  time: compiled root-test in 0.11s
2023.12.01 09:40:16 ERROR scalafmt: /Users/muiruri/Workspace/Scala/Talks/FS2023/type-safe-decoders-without-boilerplate/src/test/scala/skm/parsers/usingdynamicvalue/SimpleParserSpec.scala:5: error: [dialect scala213] . expected but \n\n found

^
2023.12.01 09:40:17 INFO  compiling root-test (2 scala sources)
2023.12.01 09:40:17 INFO  time: compiled root-test in 0.14s
2023.12.01 09:40:45 INFO  compiling root-test (2 scala sources)
2023.12.01 09:40:45 INFO  time: compiled root-test in 0.59s
2023.12.01 09:41:34 INFO  compiling root (1 scala source)
2023.12.01 09:41:37 INFO  time: compiled root in 3.15s
2023.12.01 09:42:05 INFO  compiling root (1 scala source)
2023.12.01 09:42:05 WARN  Could not load snapshot text for /Users/muiruri/Workspace/Scala/Talks/FS2023/type-safe-decoders-without-boilerplate/src/main/scala/com/skm/parsers/usingdynamicvalue/SimpleParser.scala
2023.12.01 09:42:07 INFO  time: compiled root in 1.84s
2023.12.01 09:42:49 INFO  compiling root (1 scala source)
2023.12.01 09:42:49 INFO  time: compiled root in 0.83s
2023.12.01 09:43:09 INFO  compiling root (1 scala source)
2023.12.01 09:43:11 INFO  time: compiled root in 2.14s
2023.12.01 09:43:11 INFO  compiling root (1 scala source)
2023.12.01 09:43:11 INFO  time: compiled root in 84ms
2023.12.01 09:43:29 INFO  compiling root (1 scala source)
2023.12.01 09:43:31 INFO  time: compiled root in 2.29s
2023.12.01 09:43:31 INFO  compiling root (1 scala source)
2023.12.01 09:43:31 INFO  time: compiled root in 0.12s
2023.12.01 09:43:39 INFO  compiling root (1 scala source)
2023.12.01 09:43:42 INFO  time: compiled root in 2.16s
2023.12.01 09:43:42 INFO  compiling root (1 scala source)
2023.12.01 09:43:42 INFO  time: compiled root in 0.12s
2023.12.01 09:43:47 INFO  compiling root (2 scala sources)
2023.12.01 09:43:49 INFO  time: compiled root in 2.45s
2023.12.01 09:44:08 INFO  compiling root-test (2 scala sources)
2023.12.01 09:44:08 INFO  time: compiled root-test in 0.28s
2023.12.01 09:44:30 INFO  compiling root-test (2 scala sources)
2023.12.01 09:44:30 INFO  time: compiled root-test in 0.23s
2023.12.01 09:44:34 WARN  Using indexes to guess the definition of SimpleParser
2023.12.01 09:44:34 WARN  Using indexes to guess the definition of SimpleParser
2023.12.01 09:45:04 INFO  compiling root-test (2 scala sources)
2023.12.01 09:45:04 INFO  time: compiled root-test in 0.23s
2023.12.01 09:45:29 INFO  compiling root-test (2 scala sources)
2023.12.01 09:45:29 INFO  time: compiled root-test in 0.25s
2023.12.01 09:46:21 INFO  compiling root-test (2 scala sources)
2023.12.01 09:46:21 INFO  time: compiled root-test in 0.22s
2023.12.01 09:46:28 WARN  Using indexes to guess the definition of Book
2023.12.01 09:46:28 WARN  Using indexes to guess the definition of Book
2023.12.01 09:46:29 WARN  Using indexes to guess the definition of Book
2023.12.01 09:46:54 INFO  compiling root-test (2 scala sources)
2023.12.01 09:46:54 INFO  time: compiled root-test in 0.44s
2023.12.01 09:47:14 INFO  compiling root-test (2 scala sources)
2023.12.01 09:47:14 INFO  time: compiled root-test in 0.46s
2023.12.01 09:47:17 INFO  compiling root-test (2 scala sources)
2023.12.01 09:47:17 INFO  time: compiled root-test in 0.55s
Dec 01, 2023 9:47:18 AM org.eclipse.lsp4j.jsonrpc.RemoteEndpoint fallbackResponseError
SEVERE: Internal error: scala.meta.internal.metals.debug.DebugProvider$WorkspaceErrorsException$: Cannot run class, since the workspace has errors.
java.util.concurrent.CompletionException: scala.meta.internal.metals.debug.DebugProvider$WorkspaceErrorsException$: Cannot run class, since the workspace has errors.
	at java.base/java.util.concurrent.CompletableFuture.encodeThrowable(CompletableFuture.java:331)
	at java.base/java.util.concurrent.CompletableFuture.completeThrowable(CompletableFuture.java:346)
	at java.base/java.util.concurrent.CompletableFuture$UniAccept.tryFire(CompletableFuture.java:704)
	at java.base/java.util.concurrent.CompletableFuture.postComplete(CompletableFuture.java:506)
	at java.base/java.util.concurrent.CompletableFuture.completeExceptionally(CompletableFuture.java:2088)
	at scala.concurrent.java8.FuturesConvertersImpl$CF.apply(FutureConvertersImpl.scala:29)
	at scala.concurrent.java8.FuturesConvertersImpl$CF.apply(FutureConvertersImpl.scala:26)
	at scala.concurrent.impl.Promise$Transformation.run(Promise.scala:484)
	at scala.concurrent.ExecutionContext$parasitic$.execute(ExecutionContext.scala:222)
	at scala.concurrent.impl.Promise$Transformation.submitWithValue(Promise.scala:429)
	at scala.concurrent.impl.Promise$DefaultPromise.submitWithValue(Promise.scala:338)
	at scala.concurrent.impl.Promise$DefaultPromise.tryComplete0(Promise.scala:285)
	at scala.concurrent.impl.Promise$Transformation.run(Promise.scala:504)
	at java.base/java.util.concurrent.ThreadPoolExecutor.runWorker(ThreadPoolExecutor.java:1128)
	at java.base/java.util.concurrent.ThreadPoolExecutor$Worker.run(ThreadPoolExecutor.java:628)
	at java.base/java.lang.Thread.run(Thread.java:829)
Caused by: scala.meta.internal.metals.debug.DebugProvider$WorkspaceErrorsException$: Cannot run class, since the workspace has errors.
	at scala.meta.internal.metals.debug.DebugProvider$WorkspaceErrorsException$.<clinit>(DebugProvider.scala:925)
	at scala.meta.internal.metals.debug.DebugProvider.ensureNoWorkspaceErrors(DebugProvider.scala:387)
	at scala.meta.internal.metals.debug.DebugProvider.$anonfun$startTestSuite$4(DebugProvider.scala:674)
	at scala.concurrent.impl.Promise$Transformation.run(Promise.scala:470)
	... 3 more

2023.12.01 09:47:31 INFO  compiling root-test (2 scala sources)
2023.12.01 09:47:31 INFO  time: compiled root-test in 0.24s
Dec 01, 2023 9:47:31 AM org.eclipse.lsp4j.jsonrpc.RemoteEndpoint fallbackResponseError
SEVERE: Internal error: scala.meta.internal.metals.debug.DebugProvider$WorkspaceErrorsException$: Cannot run class, since the workspace has errors.
java.util.concurrent.CompletionException: scala.meta.internal.metals.debug.DebugProvider$WorkspaceErrorsException$: Cannot run class, since the workspace has errors.
	at java.base/java.util.concurrent.CompletableFuture.encodeThrowable(CompletableFuture.java:331)
	at java.base/java.util.concurrent.CompletableFuture.completeThrowable(CompletableFuture.java:346)
	at java.base/java.util.concurrent.CompletableFuture$UniAccept.tryFire(CompletableFuture.java:704)
	at java.base/java.util.concurrent.CompletableFuture.postComplete(CompletableFuture.java:506)
	at java.base/java.util.concurrent.CompletableFuture.completeExceptionally(CompletableFuture.java:2088)
	at scala.concurrent.java8.FuturesConvertersImpl$CF.apply(FutureConvertersImpl.scala:29)
	at scala.concurrent.java8.FuturesConvertersImpl$CF.apply(FutureConvertersImpl.scala:26)
	at scala.concurrent.impl.Promise$Transformation.run(Promise.scala:484)
	at scala.concurrent.ExecutionContext$parasitic$.execute(ExecutionContext.scala:222)
	at scala.concurrent.impl.Promise$Transformation.submitWithValue(Promise.scala:429)
	at scala.concurrent.impl.Promise$DefaultPromise.submitWithValue(Promise.scala:338)
	at scala.concurrent.impl.Promise$DefaultPromise.tryComplete0(Promise.scala:285)
	at scala.concurrent.impl.Promise$Transformation.run(Promise.scala:504)
	at java.base/java.util.concurrent.ThreadPoolExecutor.runWorker(ThreadPoolExecutor.java:1128)
	at java.base/java.util.concurrent.ThreadPoolExecutor$Worker.run(ThreadPoolExecutor.java:628)
	at java.base/java.lang.Thread.run(Thread.java:829)
Caused by: scala.meta.internal.metals.debug.DebugProvider$WorkspaceErrorsException$: Cannot run class, since the workspace has errors.
	at scala.meta.internal.metals.debug.DebugProvider$WorkspaceErrorsException$.<clinit>(DebugProvider.scala:925)
	at scala.meta.internal.metals.debug.DebugProvider.ensureNoWorkspaceErrors(DebugProvider.scala:387)
	at scala.meta.internal.metals.debug.DebugProvider.$anonfun$startTestSuite$4(DebugProvider.scala:674)
	at scala.concurrent.impl.Promise$Transformation.run(Promise.scala:470)
	... 3 more

2023.12.01 09:47:40 INFO  compiling root-test (2 scala sources)
2023.12.01 09:47:40 INFO  time: compiled root-test in 0.43s
2023.12.01 09:47:41 INFO  compiling root-test (2 scala sources)
2023.12.01 09:47:41 INFO  time: compiled root-test in 0.23s
Dec 01, 2023 9:47:42 AM org.eclipse.lsp4j.jsonrpc.RemoteEndpoint fallbackResponseError
SEVERE: Internal error: scala.meta.internal.metals.debug.DebugProvider$WorkspaceErrorsException$: Cannot run class, since the workspace has errors.
java.util.concurrent.CompletionException: scala.meta.internal.metals.debug.DebugProvider$WorkspaceErrorsException$: Cannot run class, since the workspace has errors.
	at java.base/java.util.concurrent.CompletableFuture.encodeThrowable(CompletableFuture.java:331)
	at java.base/java.util.concurrent.CompletableFuture.completeThrowable(CompletableFuture.java:346)
	at java.base/java.util.concurrent.CompletableFuture$UniAccept.tryFire(CompletableFuture.java:704)
	at java.base/java.util.concurrent.CompletableFuture.postComplete(CompletableFuture.java:506)
	at java.base/java.util.concurrent.CompletableFuture.completeExceptionally(CompletableFuture.java:2088)
	at scala.concurrent.java8.FuturesConvertersImpl$CF.apply(FutureConvertersImpl.scala:29)
	at scala.concurrent.java8.FuturesConvertersImpl$CF.apply(FutureConvertersImpl.scala:26)
	at scala.concurrent.impl.Promise$Transformation.run(Promise.scala:484)
	at scala.concurrent.ExecutionContext$parasitic$.execute(ExecutionContext.scala:222)
	at scala.concurrent.impl.Promise$Transformation.submitWithValue(Promise.scala:429)
	at scala.concurrent.impl.Promise$DefaultPromise.submitWithValue(Promise.scala:338)
	at scala.concurrent.impl.Promise$DefaultPromise.tryComplete0(Promise.scala:285)
	at scala.concurrent.impl.Promise$Transformation.run(Promise.scala:504)
	at java.base/java.util.concurrent.ThreadPoolExecutor.runWorker(ThreadPoolExecutor.java:1128)
	at java.base/java.util.concurrent.ThreadPoolExecutor$Worker.run(ThreadPoolExecutor.java:628)
	at java.base/java.lang.Thread.run(Thread.java:829)
Caused by: scala.meta.internal.metals.debug.DebugProvider$WorkspaceErrorsException$: Cannot run class, since the workspace has errors.
	at scala.meta.internal.metals.debug.DebugProvider$WorkspaceErrorsException$.<clinit>(DebugProvider.scala:925)
	at scala.meta.internal.metals.debug.DebugProvider.ensureNoWorkspaceErrors(DebugProvider.scala:387)
	at scala.meta.internal.metals.debug.DebugProvider.$anonfun$startTestSuite$4(DebugProvider.scala:674)
	at scala.concurrent.impl.Promise$Transformation.run(Promise.scala:470)
	... 3 more

2023.12.01 09:48:37 INFO  compiling root-test (2 scala sources)
2023.12.01 09:48:37 INFO  time: compiled root-test in 0.37s
Dec 01, 2023 9:48:37 AM org.eclipse.lsp4j.jsonrpc.RemoteEndpoint fallbackResponseError
SEVERE: Internal error: scala.meta.internal.metals.debug.DebugProvider$WorkspaceErrorsException$: Cannot run class, since the workspace has errors.
java.util.concurrent.CompletionException: scala.meta.internal.metals.debug.DebugProvider$WorkspaceErrorsException$: Cannot run class, since the workspace has errors.
	at java.base/java.util.concurrent.CompletableFuture.encodeThrowable(CompletableFuture.java:331)
	at java.base/java.util.concurrent.CompletableFuture.completeThrowable(CompletableFuture.java:346)
	at java.base/java.util.concurrent.CompletableFuture$UniAccept.tryFire(CompletableFuture.java:704)
	at java.base/java.util.concurrent.CompletableFuture.postComplete(CompletableFuture.java:506)
	at java.base/java.util.concurrent.CompletableFuture.completeExceptionally(CompletableFuture.java:2088)
	at scala.concurrent.java8.FuturesConvertersImpl$CF.apply(FutureConvertersImpl.scala:29)
	at scala.concurrent.java8.FuturesConvertersImpl$CF.apply(FutureConvertersImpl.scala:26)
	at scala.concurrent.impl.Promise$Transformation.run(Promise.scala:484)
	at scala.concurrent.ExecutionContext$parasitic$.execute(ExecutionContext.scala:222)
	at scala.concurrent.impl.Promise$Transformation.submitWithValue(Promise.scala:429)
	at scala.concurrent.impl.Promise$DefaultPromise.submitWithValue(Promise.scala:338)
	at scala.concurrent.impl.Promise$DefaultPromise.tryComplete0(Promise.scala:285)
	at scala.concurrent.impl.Promise$Transformation.run(Promise.scala:504)
	at java.base/java.util.concurrent.ThreadPoolExecutor.runWorker(ThreadPoolExecutor.java:1128)
	at java.base/java.util.concurrent.ThreadPoolExecutor$Worker.run(ThreadPoolExecutor.java:628)
	at java.base/java.lang.Thread.run(Thread.java:829)
Caused by: scala.meta.internal.metals.debug.DebugProvider$WorkspaceErrorsException$: Cannot run class, since the workspace has errors.
	at scala.meta.internal.metals.debug.DebugProvider$WorkspaceErrorsException$.<clinit>(DebugProvider.scala:925)
	at scala.meta.internal.metals.debug.DebugProvider.ensureNoWorkspaceErrors(DebugProvider.scala:387)
	at scala.meta.internal.metals.debug.DebugProvider.$anonfun$startTestSuite$4(DebugProvider.scala:674)
	at scala.concurrent.impl.Promise$Transformation.run(Promise.scala:470)
	... 3 more

2023.12.01 09:48:56 INFO  compiling root-test (2 scala sources)
2023.12.01 09:48:57 INFO  time: compiled root-test in 1.24s
2023.12.01 09:49:21 INFO  compiling root-test (1 scala source)
2023.12.01 09:49:23 INFO  time: compiled root-test in 1.16s
2023.12.01 09:49:32 INFO  compiling root-test (1 scala source)
2023.12.01 09:49:33 INFO  time: compiled root-test in 1.04s
2023.12.01 09:49:39 INFO  compiling root-test (1 scala source)
2023.12.01 09:49:40 INFO  time: compiled root-test in 1.05s
2023.12.01 09:49:42 INFO  tracing is disabled for protocol dap-server, to enable tracing of incoming and outgoing JSON messages create an empty file at /Users/muiruri/Workspace/Scala/Talks/FS2023/type-safe-decoders-without-boilerplate/.metals/dap-server.trace.json or /Users/muiruri/Library/Caches/org.scalameta.metals/dap-server.trace.json
2023.12.01 09:49:42 INFO  tracing is disabled for protocol dap-client, to enable tracing of incoming and outgoing JSON messages create an empty file at /Users/muiruri/Workspace/Scala/Talks/FS2023/type-safe-decoders-without-boilerplate/.metals/dap-client.trace.json or /Users/muiruri/Library/Caches/org.scalameta.metals/dap-client.trace.json
2023.12.01 09:49:42 INFO  Starting debug proxy for [skm.parsers.usingdynamicvalue.SimmpleParserSpec()]
2023.12.01 09:49:43 INFO  Trying to attach to remote debuggee VM localhost:55963 .
2023.12.01 09:49:43 INFO  Attaching to debuggee VM succeeded.
2023.12.01 09:49:44 INFO  Canceling debug proxy for [skm.parsers.usingdynamicvalue.SimmpleParserSpec()]
2023.12.01 09:49:44 INFO  Closing debug server tcp://0.0.0.0:55957
2023.12.01 09:50:37 INFO  compiling root-test (1 scala source)
2023.12.01 09:50:38 INFO  time: compiled root-test in 1.23s
Dec 01, 2023 9:51:21 AM org.eclipse.lsp4j.jsonrpc.RemoteEndpoint handleCancellation
WARNING: Unmatched cancel notification for request id 946
2023.12.01 09:51:54 INFO  compiling root-test (1 scala source)
2023.12.01 09:51:54 INFO  time: compiled root-test in 0.27s
2023.12.01 09:52:01 INFO  compiling root-test (1 scala source)
2023.12.01 09:52:01 INFO  time: compiled root-test in 0.13s
2023.12.01 09:52:07 INFO  compiling root-test (1 scala source)
2023.12.01 09:52:07 INFO  time: compiled root-test in 0.28s
2023.12.01 09:52:18 INFO  compiling root-test (1 scala source)
2023.12.01 09:52:18 INFO  time: compiled root-test in 0.17s
2023.12.01 09:52:26 INFO  compiling root-test (1 scala source)
2023.12.01 09:52:26 INFO  time: compiled root-test in 0.21s
2023.12.01 09:52:39 INFO  compiling root-test (1 scala source)
2023.12.01 09:52:39 INFO  time: compiled root-test in 0.4s
2023.12.01 09:53:00 INFO  compiling root-test (1 scala source)
2023.12.01 09:53:00 INFO  time: compiled root-test in 0.15s
2023.12.01 09:53:05 INFO  compiling root-test (1 scala source)
2023.12.01 09:53:05 INFO  time: compiled root-test in 0.3s
2023.12.01 09:53:09 INFO  compiling root-test (1 scala source)
2023.12.01 09:53:12 INFO  time: compiled root-test in 3.04s
2023.12.01 09:53:16 INFO  tracing is disabled for protocol dap-server, to enable tracing of incoming and outgoing JSON messages create an empty file at /Users/muiruri/Workspace/Scala/Talks/FS2023/type-safe-decoders-without-boilerplate/.metals/dap-server.trace.json or /Users/muiruri/Library/Caches/org.scalameta.metals/dap-server.trace.json
2023.12.01 09:53:16 INFO  tracing is disabled for protocol dap-client, to enable tracing of incoming and outgoing JSON messages create an empty file at /Users/muiruri/Workspace/Scala/Talks/FS2023/type-safe-decoders-without-boilerplate/.metals/dap-client.trace.json or /Users/muiruri/Library/Caches/org.scalameta.metals/dap-client.trace.json
2023.12.01 09:53:16 INFO  Starting debug proxy for [skm.parsers.usingpatternmatching.ParserSpec()]
2023.12.01 09:53:16 INFO  Trying to attach to remote debuggee VM localhost:56144 .
2023.12.01 09:53:16 INFO  Attaching to debuggee VM succeeded.
2023.12.01 09:53:17 INFO  Canceling debug proxy for [skm.parsers.usingpatternmatching.ParserSpec()]
2023.12.01 09:53:16 INFO  Closing debug server tcp://0.0.0.0:56140
2023.12.01 09:53:50 INFO  tracing is disabled for protocol dap-server, to enable tracing of incoming and outgoing JSON messages create an empty file at /Users/muiruri/Workspace/Scala/Talks/FS2023/type-safe-decoders-without-boilerplate/.metals/dap-server.trace.json or /Users/muiruri/Library/Caches/org.scalameta.metals/dap-server.trace.json
2023.12.01 09:53:50 INFO  tracing is disabled for protocol dap-client, to enable tracing of incoming and outgoing JSON messages create an empty file at /Users/muiruri/Workspace/Scala/Talks/FS2023/type-safe-decoders-without-boilerplate/.metals/dap-client.trace.json or /Users/muiruri/Library/Caches/org.scalameta.metals/dap-client.trace.json
2023.12.01 09:53:50 INFO  Starting debug proxy for [skm.parsers.usingpatternmatching.ParserSpec()]
2023.12.01 09:53:50 INFO  Trying to attach to remote debuggee VM localhost:56178 .
2023.12.01 09:53:50 INFO  Attaching to debuggee VM succeeded.
2023.12.01 09:53:51 INFO  Canceling debug proxy for [skm.parsers.usingpatternmatching.ParserSpec()]
2023.12.01 09:53:50 INFO  Closing debug server tcp://0.0.0.0:56174
2023.12.01 09:54:42 INFO  compiling root-test (1 scala source)
2023.12.01 09:54:43 INFO  time: compiled root-test in 1.39s
2023.12.01 09:54:50 INFO  tracing is disabled for protocol dap-server, to enable tracing of incoming and outgoing JSON messages create an empty file at /Users/muiruri/Workspace/Scala/Talks/FS2023/type-safe-decoders-without-boilerplate/.metals/dap-server.trace.json or /Users/muiruri/Library/Caches/org.scalameta.metals/dap-server.trace.json
2023.12.01 09:54:50 INFO  tracing is disabled for protocol dap-client, to enable tracing of incoming and outgoing JSON messages create an empty file at /Users/muiruri/Workspace/Scala/Talks/FS2023/type-safe-decoders-without-boilerplate/.metals/dap-client.trace.json or /Users/muiruri/Library/Caches/org.scalameta.metals/dap-client.trace.json
2023.12.01 09:54:50 INFO  Starting debug proxy for [skm.parsers.usingpatternmatching.ParserSpec()]
2023.12.01 09:54:50 INFO  Trying to attach to remote debuggee VM localhost:56230 .
2023.12.01 09:54:50 INFO  Attaching to debuggee VM succeeded.
2023.12.01 09:54:51 INFO  Canceling debug proxy for [skm.parsers.usingpatternmatching.ParserSpec()]
2023.12.01 09:54:50 INFO  Closing debug server tcp://0.0.0.0:56226
2023.12.01 09:55:46 ERROR scalafmt: /Users/muiruri/Workspace/Scala/Talks/FS2023/type-safe-decoders-without-boilerplate/src/test/scala/skm/parsers/usingpatternmatching/ParserSpec.scala:23: error: [dialect scala213] ) expected but } found
})
^
2023.12.01 09:55:46 INFO  compiling root-test (1 scala source)
2023.12.01 09:55:46 INFO  time: compiled root-test in 0.17s
2023.12.01 09:55:55 INFO  compiling root-test (1 scala source)
2023.12.01 09:55:56 INFO  time: compiled root-test in 1.18s
2023.12.01 09:56:05 INFO  Deduplicating compilation of root from bsp client 'Metals 1.1.0' (since 20m 49.298s)
2023.12.01 09:56:05 INFO  tracing is disabled for protocol dap-server, to enable tracing of incoming and outgoing JSON messages create an empty file at /Users/muiruri/Workspace/Scala/Talks/FS2023/type-safe-decoders-without-boilerplate/.metals/dap-server.trace.json or /Users/muiruri/Library/Caches/org.scalameta.metals/dap-server.trace.json
2023.12.01 09:56:05 INFO  tracing is disabled for protocol dap-client, to enable tracing of incoming and outgoing JSON messages create an empty file at /Users/muiruri/Workspace/Scala/Talks/FS2023/type-safe-decoders-without-boilerplate/.metals/dap-client.trace.json or /Users/muiruri/Library/Caches/org.scalameta.metals/dap-client.trace.json
2023.12.01 09:56:05 INFO  Starting debug proxy for [skm.parsers.usingpatternmatching.ParserSpec()]
2023.12.01 09:56:05 INFO  Trying to attach to remote debuggee VM localhost:56307 .
2023.12.01 09:56:05 INFO  Attaching to debuggee VM succeeded.
2023.12.01 09:56:06 INFO  Canceling debug proxy for [skm.parsers.usingpatternmatching.ParserSpec()]
2023.12.01 09:56:06 INFO  Closing debug server tcp://0.0.0.0:56303
2023.12.01 09:56:40 INFO  compiling root-test (1 scala source)
2023.12.01 09:56:40 INFO  time: compiled root-test in 0.44s
[[31merror[0m] zio.test.CompileVariants.assertZIO(jar:file:///Users/muiruri/Library/Caches/Coursier/v1/https/repo1.maven.org/maven2/dev/zio/zio-test_2.13/2.0.13/zio-test_2.13-2.0.13-sources.jar!/zio/test/CompileVariants.scala:53)
[[31merror[0m]  
[[31merror[0m]  No automatically generated traces are permitted here. Add an implicit parameter
[[31merror[0m]  to pass through a user generated trace or explicitly call `newTrace`
[[31merror[0m]  to force generation of a new trace.
[[31merror[0m]  
[[31merror[0m]  copy/paste:
[[31merror[0m]    (implicit trace: Trace)  <- no existing implicit parameter list
[[31merror[0m]    , trace: Trace           <- existing implicit parameter list
[[31merror[0m]    (newTrace)                       <- I know what I'm doing, generate a new trace anyway
[[31merror[0m]    

[[31merror[0m] zio.test.CompileVariants.assertZIO(jar:file:///Users/muiruri/Library/Caches/Coursier/v1/https/repo1.maven.org/maven2/dev/zio/zio-test_2.13/2.0.13/zio-test_2.13-2.0.13-sources.jar!/zio/test/CompileVariants.scala:53)
[[31merror[0m]  
[[31merror[0m]  No automatically generated traces are permitted here. Add an implicit parameter
[[31merror[0m]  to pass through a user generated trace or explicitly call `newTrace`
[[31merror[0m]  to force generation of a new trace.
[[31merror[0m]  
[[31merror[0m]  copy/paste:
[[31merror[0m]    (implicit trace: Trace)  <- no existing implicit parameter list
[[31merror[0m]    , trace: Trace           <- existing implicit parameter list
[[31merror[0m]    (newTrace)                       <- I know what I'm doing, generate a new trace anyway
[[31merror[0m]    

[[31merror[0m] zio.test.CompileVariants.assertZIO(jar:file:///Users/muiruri/Library/Caches/Coursier/v1/https/repo1.maven.org/maven2/dev/zio/zio-test_2.13/2.0.13/zio-test_2.13-2.0.13-sources.jar!/zio/test/CompileVariants.scala:53)
[[31merror[0m]  
[[31merror[0m]  No automatically generated traces are permitted here. Add an implicit parameter
[[31merror[0m]  to pass through a user generated trace or explicitly call `newTrace`
[[31merror[0m]  to force generation of a new trace.
[[31merror[0m]  
[[31merror[0m]  copy/paste:
[[31merror[0m]    (implicit trace: Trace)  <- no existing implicit parameter list
[[31merror[0m]    , trace: Trace           <- existing implicit parameter list
[[31merror[0m]    (newTrace)                       <- I know what I'm doing, generate a new trace anyway
[[31merror[0m]    

[[31merror[0m] zio.test.CompileVariants.assertZIO(jar:file:///Users/muiruri/Library/Caches/Coursier/v1/https/repo1.maven.org/maven2/dev/zio/zio-test_2.13/2.0.13/zio-test_2.13-2.0.13-sources.jar!/zio/test/CompileVariants.scala:53)
[[31merror[0m]  
[[31merror[0m]  No automatically generated traces are permitted here. Add an implicit parameter
[[31merror[0m]  to pass through a user generated trace or explicitly call `newTrace`
[[31merror[0m]  to force generation of a new trace.
[[31merror[0m]  
[[31merror[0m]  copy/paste:
[[31merror[0m]    (implicit trace: Trace)  <- no existing implicit parameter list
[[31merror[0m]    , trace: Trace           <- existing implicit parameter list
[[31merror[0m]    (newTrace)                       <- I know what I'm doing, generate a new trace anyway
[[31merror[0m]    

2023.12.01 09:57:00 INFO  compiling root-test (1 scala source)
2023.12.01 09:57:00 INFO  time: compiled root-test in 0.4s
2023.12.01 09:57:12 INFO  compiling root-test (1 scala source)
2023.12.01 09:57:12 INFO  time: compiled root-test in 0.25s
2023.12.01 09:57:43 ERROR scalafmt: /Users/muiruri/Workspace/Scala/Talks/FS2023/type-safe-decoders-without-boilerplate/src/test/scala/skm/parsers/usingpatternmatching/ParserSpec.scala:20: error: [dialect scala213] ) expected but } found
  })
  ^
2023.12.01 09:57:43 INFO  compiling root-test (1 scala source)
2023.12.01 09:57:43 INFO  time: compiled root-test in 0.19s
2023.12.01 09:57:48 INFO  compiling root-test (1 scala source)
2023.12.01 09:57:48 INFO  time: compiled root-test in 0.99s
2023.12.01 09:58:46 INFO  compiling root-test (1 scala source)
2023.12.01 09:58:46 INFO  time: compiled root-test in 0.51s
2023.12.01 09:59:09 ERROR scalafmt: /Users/muiruri/Workspace/Scala/Talks/FS2023/type-safe-decoders-without-boilerplate/src/test/scala/skm/parsers/usingpatternmatching/ParserSpec.scala:20: error: [dialect scala213] ) expected but } found
  })
  ^
2023.12.01 09:59:09 INFO  compiling root-test (1 scala source)
2023.12.01 09:59:09 INFO  time: compiled root-test in 0.1s
2023.12.01 09:59:27 INFO  compiling root-test (1 scala source)
2023.12.01 09:59:27 INFO  time: compiled root-test in 0.4s
2023.12.01 10:01:01 INFO  compiling root-test (1 scala source)
2023.12.01 10:01:02 INFO  time: compiled root-test in 1.22s
Dec 01, 2023 10:01:11 AM org.eclipse.lsp4j.jsonrpc.RemoteEndpoint handleCancellation
WARNING: Unmatched cancel notification for request id 1649
2023.12.01 10:01:24 INFO  compiling root-test (1 scala source)
2023.12.01 10:01:25 INFO  time: compiled root-test in 1.12s
Dec 01, 2023 12:14:45 PM org.eclipse.lsp4j.jsonrpc.RemoteEndpoint handleCancellation
WARNING: Unmatched cancel notification for request id 1720
